INFO  org.apache.commmons.beanutils http-bio-8084-exec-541
      2013-11-08 18:10:15,395 - Starting org.apache.commmons.beanutils
INFO  org.apache.commmons.beanutils http-bio-8084-exec-541
      2013-11-08 18:10:15,395 - Starting org.apache.commmons.beanutils
INFO  bytesizebook.guide.hw2.enhanced http-bio-8084-exec-532
      2013-11-08 18:10:18,632 - Called initlogger
INFO  bytesizebook.guide.hw2.enhanced http-bio-8084-exec-532
      2013-11-08 18:10:18,632 - Called helperbasech4 constructor
INFO  bytesizebook.guide.hw2.enhanced http-bio-8084-exec-532
      2013-11-08 18:10:18,634 - Called controller attribute constructor
INFO  bytesizebook.guide.hw2.enhanced http-bio-8084-exec-532
      2013-11-08 18:10:18,704 - called get bean
INFO  bytesizebook.guide.hw2.enhanced http-bio-8084-exec-532
      2013-11-08 18:10:18,706 - called get bean
INFO  bytesizebook.guide.hw2.enhanced http-bio-8084-exec-532
      2013-11-08 18:10:18,706 - called get bean
INFO  bytesizebook.guide.hw2.enhanced http-bio-8084-exec-532
      2013-11-08 18:10:18,706 - called get bean
INFO  bytesizebook.guide.hw2.enhanced http-bio-8084-exec-532
      2013-11-08 18:10:18,706 - called get bean
INFO  bytesizebook.guide.hw2.enhanced http-bio-8084-exec-543
      2013-11-08 18:10:19,953 - Called initlogger
INFO  bytesizebook.guide.hw2.enhanced http-bio-8084-exec-543
      2013-11-08 18:10:19,953 - Called helperbasech4 constructor
INFO  bytesizebook.guide.hw2.enhanced http-bio-8084-exec-543
      2013-11-08 18:10:19,953 - Called controller attribute constructor
INFO  bytesizebook.guide.hw2.enhanced http-bio-8084-exec-543
      2013-11-08 18:10:19,953 - copyfromsession called
INFO  bytesizebook.guide.hw2.enhanced http-bio-8084-exec-543
      2013-11-08 18:10:20,074 - called get bean
INFO  bytesizebook.guide.hw2.enhanced http-bio-8084-exec-543
      2013-11-08 18:10:20,074 - called get bean
INFO  bytesizebook.guide.hw2.enhanced http-bio-8084-exec-543
      2013-11-08 18:10:20,074 - called get bean
INFO  bytesizebook.guide.hw2.enhanced http-bio-8084-exec-543
      2013-11-08 18:10:20,074 - called get bean
INFO  bytesizebook.guide.hw2.enhanced http-bio-8084-exec-543
      2013-11-08 18:10:20,074 - called get bean
INFO  bytesizebook.guide.hw2.enhanced http-bio-8084-exec-540
      2013-11-08 18:10:21,793 - Called initlogger
INFO  bytesizebook.guide.hw2.enhanced http-bio-8084-exec-540
      2013-11-08 18:10:21,794 - Called helperbasech4 constructor
INFO  bytesizebook.guide.hw2.enhanced http-bio-8084-exec-540
      2013-11-08 18:10:21,794 - Called controller attribute constructor
INFO  bytesizebook.guide.hw2.enhanced http-bio-8084-exec-540
      2013-11-08 18:10:21,794 - copyfromsession called
INFO  bytesizebook.guide.hw2.enhanced http-bio-8084-exec-540
      2013-11-08 18:10:21,868 - called get bean
INFO  bytesizebook.guide.hw2.enhanced http-bio-8084-exec-540
      2013-11-08 18:10:21,868 - called get bean
INFO  bytesizebook.guide.hw2.enhanced http-bio-8084-exec-540
      2013-11-08 18:10:21,868 - called get bean
INFO  bytesizebook.guide.hw2.enhanced http-bio-8084-exec-540
      2013-11-08 18:10:21,868 - called get bean
INFO  bytesizebook.guide.hw2.enhanced http-bio-8084-exec-540
      2013-11-08 18:10:21,868 - called get bean
INFO  bytesizebook.guide.hw2.enhanced http-bio-8084-exec-544
      2013-11-08 18:10:23,649 - Called initlogger
INFO  bytesizebook.guide.hw2.enhanced http-bio-8084-exec-544
      2013-11-08 18:10:23,649 - Called helperbasech4 constructor
INFO  bytesizebook.guide.hw2.enhanced http-bio-8084-exec-544
      2013-11-08 18:10:23,649 - Called controller attribute constructor
INFO  bytesizebook.guide.hw2.enhanced http-bio-8084-exec-544
      2013-11-08 18:10:23,649 - copyfromsession called
INFO  bytesizebook.guide.hw2.enhanced http-bio-8084-exec-544
      2013-11-08 18:10:23,658 - called get bean
INFO  bytesizebook.guide.hw2.enhanced http-bio-8084-exec-544
      2013-11-08 18:10:23,658 - called get bean
INFO  bytesizebook.guide.hw2.enhanced http-bio-8084-exec-544
      2013-11-08 18:10:23,658 - called get bean
INFO  bytesizebook.guide.hw2.enhanced http-bio-8084-exec-544
      2013-11-08 18:10:23,658 - called get bean
INFO  bytesizebook.guide.hw2.enhanced http-bio-8084-exec-544
      2013-11-08 18:10:23,658 - called get bean
INFO  org.apache.commmons.beanutils http-bio-8084-exec-541
      2013-11-08 18:11:11,526 - Starting org.apache.commmons.beanutils
INFO  org.apache.commmons.beanutils http-bio-8084-exec-541
      2013-11-08 18:11:11,526 - Starting org.apache.commmons.beanutils
INFO  org.apache.commmons.beanutils http-bio-8084-exec-552
      2013-11-08 18:14:59,734 - Starting org.apache.commmons.beanutils
INFO  org.apache.commmons.beanutils http-bio-8084-exec-552
      2013-11-08 18:14:59,734 - Starting org.apache.commmons.beanutils
INFO  bytesizebook.guide.hw2.enhanced http-bio-8084-exec-549
      2013-11-08 18:15:01,204 - Called initlogger
INFO  bytesizebook.guide.hw2.enhanced http-bio-8084-exec-549
      2013-11-08 18:15:01,204 - Called helperbasech4 constructor
INFO  bytesizebook.guide.hw2.enhanced http-bio-8084-exec-549
      2013-11-08 18:15:01,205 - Called controller attribute constructor
INFO  bytesizebook.guide.hw2.enhanced http-bio-8084-exec-549
      2013-11-08 18:15:01,221 - called get bean
INFO  bytesizebook.guide.hw2.enhanced http-bio-8084-exec-549
      2013-11-08 18:15:01,223 - called get bean
INFO  bytesizebook.guide.hw2.enhanced http-bio-8084-exec-549
      2013-11-08 18:15:01,223 - called get bean
INFO  bytesizebook.guide.hw2.enhanced http-bio-8084-exec-549
      2013-11-08 18:15:01,223 - called get bean
INFO  bytesizebook.guide.hw2.enhanced http-bio-8084-exec-549
      2013-11-08 18:15:01,224 - called get bean
INFO  bytesizebook.guide.hw2.enhanced http-bio-8084-exec-554
      2013-11-08 18:15:09,095 - Called initlogger
INFO  bytesizebook.guide.hw2.enhanced http-bio-8084-exec-554
      2013-11-08 18:15:09,096 - Called helperbasech4 constructor
INFO  bytesizebook.guide.hw2.enhanced http-bio-8084-exec-554
      2013-11-08 18:15:09,096 - Called controller attribute constructor
INFO  bytesizebook.guide.hw2.enhanced http-bio-8084-exec-554
      2013-11-08 18:15:09,096 - copyfromsession called
INFO  bytesizebook.guide.hw2.enhanced http-bio-8084-exec-554
      2013-11-08 18:15:09,165 - called get bean
INFO  bytesizebook.guide.hw2.enhanced http-bio-8084-exec-554
      2013-11-08 18:15:09,166 - called get bean
INFO  bytesizebook.guide.hw2.enhanced http-bio-8084-exec-554
      2013-11-08 18:15:09,166 - called get bean
INFO  bytesizebook.guide.hw2.enhanced http-bio-8084-exec-554
      2013-11-08 18:15:09,166 - called get bean
INFO  bytesizebook.guide.hw2.enhanced http-bio-8084-exec-554
      2013-11-08 18:15:09,166 - called get bean
INFO  bytesizebook.guide.hw2.enhanced http-bio-8084-exec-554
      2013-11-08 18:15:11,424 - Called initlogger
INFO  bytesizebook.guide.hw2.enhanced http-bio-8084-exec-554
      2013-11-08 18:15:11,425 - Called helperbasech4 constructor
INFO  bytesizebook.guide.hw2.enhanced http-bio-8084-exec-554
      2013-11-08 18:15:11,425 - Called controller attribute constructor
INFO  bytesizebook.guide.hw2.enhanced http-bio-8084-exec-554
      2013-11-08 18:15:11,425 - copyfromsession called
INFO  bytesizebook.guide.hw2.enhanced http-bio-8084-exec-554
      2013-11-08 18:15:11,509 - called get bean
INFO  bytesizebook.guide.hw2.enhanced http-bio-8084-exec-554
      2013-11-08 18:15:11,509 - called get bean
INFO  bytesizebook.guide.hw2.enhanced http-bio-8084-exec-554
      2013-11-08 18:15:11,509 - called get bean
INFO  bytesizebook.guide.hw2.enhanced http-bio-8084-exec-554
      2013-11-08 18:15:11,509 - called get bean
INFO  bytesizebook.guide.hw2.enhanced http-bio-8084-exec-554
      2013-11-08 18:15:11,509 - called get bean
INFO  bytesizebook.guide.hw2.enhanced http-bio-8084-exec-554
      2013-11-08 18:15:11,510 - called get bean
INFO  bytesizebook.guide.hw2.enhanced http-bio-8084-exec-554
      2013-11-08 18:15:11,510 - called get bean
INFO  bytesizebook.guide.hw2.enhanced http-bio-8084-exec-554
      2013-11-08 18:15:12,569 - Called initlogger
INFO  bytesizebook.guide.hw2.enhanced http-bio-8084-exec-554
      2013-11-08 18:15:12,570 - Called helperbasech4 constructor
INFO  bytesizebook.guide.hw2.enhanced http-bio-8084-exec-554
      2013-11-08 18:15:12,571 - Called controller attribute constructor
INFO  bytesizebook.guide.hw2.enhanced http-bio-8084-exec-554
      2013-11-08 18:15:12,571 - copyfromsession called
INFO  bytesizebook.guide.hw2.enhanced http-bio-8084-exec-554
      2013-11-08 18:15:12,581 - called get bean
INFO  bytesizebook.guide.hw2.enhanced http-bio-8084-exec-554
      2013-11-08 18:15:12,581 - called get bean
INFO  bytesizebook.guide.hw2.enhanced http-bio-8084-exec-554
      2013-11-08 18:15:12,581 - called get bean
INFO  bytesizebook.guide.hw2.enhanced http-bio-8084-exec-554
      2013-11-08 18:15:12,581 - called get bean
INFO  bytesizebook.guide.hw2.enhanced http-bio-8084-exec-554
      2013-11-08 18:15:12,581 - called get bean
INFO  bytesizebook.guide.hw2.enhanced http-bio-8084-exec-554
      2013-11-08 18:15:13,705 - Called initlogger
INFO  bytesizebook.guide.hw2.enhanced http-bio-8084-exec-554
      2013-11-08 18:15:13,705 - Called helperbasech4 constructor
INFO  bytesizebook.guide.hw2.enhanced http-bio-8084-exec-554
      2013-11-08 18:15:13,705 - Called controller attribute constructor
INFO  bytesizebook.guide.hw2.enhanced http-bio-8084-exec-554
      2013-11-08 18:15:13,705 - copyfromsession called
INFO  bytesizebook.guide.hw2.enhanced http-bio-8084-exec-554
      2013-11-08 18:15:13,711 - called get bean
INFO  bytesizebook.guide.hw2.enhanced http-bio-8084-exec-554
      2013-11-08 18:15:13,711 - called get bean
INFO  bytesizebook.guide.hw2.enhanced http-bio-8084-exec-554
      2013-11-08 18:15:13,711 - called get bean
INFO  bytesizebook.guide.hw2.enhanced http-bio-8084-exec-554
      2013-11-08 18:15:13,711 - called get bean
INFO  bytesizebook.guide.hw2.enhanced http-bio-8084-exec-554
      2013-11-08 18:15:13,711 - called get bean
INFO  bytesizebook.guide.hw2.enhanced http-bio-8084-exec-554
      2013-11-08 18:15:14,556 - Called initlogger
INFO  bytesizebook.guide.hw2.enhanced http-bio-8084-exec-554
      2013-11-08 18:15:14,556 - Called helperbasech4 constructor
INFO  bytesizebook.guide.hw2.enhanced http-bio-8084-exec-554
      2013-11-08 18:15:14,557 - Called controller attribute constructor
INFO  bytesizebook.guide.hw2.enhanced http-bio-8084-exec-554
      2013-11-08 18:15:14,557 - copyfromsession called
INFO  bytesizebook.guide.hw2.enhanced http-bio-8084-exec-554
      2013-11-08 18:15:14,570 - called get bean
INFO  bytesizebook.guide.hw2.enhanced http-bio-8084-exec-554
      2013-11-08 18:15:14,570 - called get bean
INFO  bytesizebook.guide.hw2.enhanced http-bio-8084-exec-554
      2013-11-08 18:15:14,570 - called get bean
INFO  bytesizebook.guide.hw2.enhanced http-bio-8084-exec-554
      2013-11-08 18:15:14,570 - called get bean
INFO  bytesizebook.guide.hw2.enhanced http-bio-8084-exec-554
      2013-11-08 18:15:14,570 - called get bean
INFO  bytesizebook.guide.hw2.enhanced http-bio-8084-exec-554
      2013-11-08 18:15:15,422 - Called initlogger
INFO  bytesizebook.guide.hw2.enhanced http-bio-8084-exec-554
      2013-11-08 18:15:15,422 - Called helperbasech4 constructor
INFO  bytesizebook.guide.hw2.enhanced http-bio-8084-exec-554
      2013-11-08 18:15:15,422 - Called controller attribute constructor
INFO  bytesizebook.guide.hw2.enhanced http-bio-8084-exec-554
      2013-11-08 18:15:15,422 - copyfromsession called
INFO  bytesizebook.guide.hw2.enhanced http-bio-8084-exec-554
      2013-11-08 18:15:15,426 - called get bean
INFO  bytesizebook.guide.hw2.enhanced http-bio-8084-exec-554
      2013-11-08 18:15:15,426 - called get bean
INFO  bytesizebook.guide.hw2.enhanced http-bio-8084-exec-554
      2013-11-08 18:15:15,427 - called get bean
INFO  bytesizebook.guide.hw2.enhanced http-bio-8084-exec-554
      2013-11-08 18:15:15,427 - called get bean
INFO  bytesizebook.guide.hw2.enhanced http-bio-8084-exec-554
      2013-11-08 18:15:15,427 - called get bean
INFO  org.apache.commmons.beanutils http-bio-8084-exec-557
      2013-11-08 18:15:35,669 - Starting org.apache.commmons.beanutils
INFO  org.apache.commmons.beanutils http-bio-8084-exec-557
      2013-11-08 18:15:35,669 - Starting org.apache.commmons.beanutils
INFO  org.apache.commmons.beanutils http-bio-8084-exec-546
      2013-11-08 18:16:01,367 - Starting org.apache.commmons.beanutils
INFO  org.apache.commmons.beanutils http-bio-8084-exec-546
      2013-11-08 18:16:01,367 - Starting org.apache.commmons.beanutils
INFO  bytesizebook.guide.hw2.enhanced http-bio-8084-exec-564
      2013-11-08 18:16:03,055 - Called initlogger
INFO  bytesizebook.guide.hw2.enhanced http-bio-8084-exec-564
      2013-11-08 18:16:03,055 - Called helperbasech4 constructor
INFO  bytesizebook.guide.hw2.enhanced http-bio-8084-exec-564
      2013-11-08 18:16:03,057 - Called controller attribute constructor
INFO  bytesizebook.guide.hw2.enhanced http-bio-8084-exec-564
      2013-11-08 18:16:03,074 - called get bean
INFO  bytesizebook.guide.hw2.enhanced http-bio-8084-exec-564
      2013-11-08 18:16:03,077 - called get bean
INFO  bytesizebook.guide.hw2.enhanced http-bio-8084-exec-564
      2013-11-08 18:16:03,077 - called get bean
INFO  bytesizebook.guide.hw2.enhanced http-bio-8084-exec-564
      2013-11-08 18:16:03,077 - called get bean
INFO  bytesizebook.guide.hw2.enhanced http-bio-8084-exec-564
      2013-11-08 18:16:03,077 - called get bean
INFO  bytesizebook.guide.hw2.enhanced http-bio-8084-exec-564
      2013-11-08 18:16:04,523 - Called initlogger
INFO  bytesizebook.guide.hw2.enhanced http-bio-8084-exec-564
      2013-11-08 18:16:04,523 - Called helperbasech4 constructor
INFO  bytesizebook.guide.hw2.enhanced http-bio-8084-exec-564
      2013-11-08 18:16:04,523 - Called controller attribute constructor
INFO  bytesizebook.guide.hw2.enhanced http-bio-8084-exec-564
      2013-11-08 18:16:04,523 - copyfromsession called
INFO  bytesizebook.guide.hw2.enhanced http-bio-8084-exec-564
      2013-11-08 18:16:04,592 - called get bean
INFO  bytesizebook.guide.hw2.enhanced http-bio-8084-exec-564
      2013-11-08 18:16:04,592 - called get bean
INFO  bytesizebook.guide.hw2.enhanced http-bio-8084-exec-564
      2013-11-08 18:16:04,592 - called get bean
INFO  bytesizebook.guide.hw2.enhanced http-bio-8084-exec-564
      2013-11-08 18:16:04,592 - called get bean
INFO  bytesizebook.guide.hw2.enhanced http-bio-8084-exec-564
      2013-11-08 18:16:04,592 - called get bean
INFO  bytesizebook.guide.hw2.enhanced http-bio-8084-exec-564
      2013-11-08 18:16:06,700 - Called initlogger
INFO  bytesizebook.guide.hw2.enhanced http-bio-8084-exec-564
      2013-11-08 18:16:06,700 - Called helperbasech4 constructor
INFO  bytesizebook.guide.hw2.enhanced http-bio-8084-exec-564
      2013-11-08 18:16:06,700 - Called controller attribute constructor
INFO  bytesizebook.guide.hw2.enhanced http-bio-8084-exec-564
      2013-11-08 18:16:06,700 - copyfromsession called
INFO  bytesizebook.guide.hw2.enhanced http-bio-8084-exec-564
      2013-11-08 18:16:06,720 - called get bean
INFO  bytesizebook.guide.hw2.enhanced http-bio-8084-exec-564
      2013-11-08 18:16:06,720 - called get bean
INFO  bytesizebook.guide.hw2.enhanced http-bio-8084-exec-564
      2013-11-08 18:16:06,720 - called get bean
INFO  bytesizebook.guide.hw2.enhanced http-bio-8084-exec-564
      2013-11-08 18:16:06,720 - called get bean
INFO  bytesizebook.guide.hw2.enhanced http-bio-8084-exec-564
      2013-11-08 18:16:06,720 - called get bean
INFO  bytesizebook.guide.hw2.enhanced http-bio-8084-exec-564
      2013-11-08 18:16:07,346 - Called initlogger
INFO  bytesizebook.guide.hw2.enhanced http-bio-8084-exec-564
      2013-11-08 18:16:07,346 - Called helperbasech4 constructor
INFO  bytesizebook.guide.hw2.enhanced http-bio-8084-exec-564
      2013-11-08 18:16:07,346 - Called controller attribute constructor
INFO  bytesizebook.guide.hw2.enhanced http-bio-8084-exec-564
      2013-11-08 18:16:07,346 - copyfromsession called
INFO  bytesizebook.guide.hw2.enhanced http-bio-8084-exec-564
      2013-11-08 18:16:07,351 - called get bean
INFO  bytesizebook.guide.hw2.enhanced http-bio-8084-exec-564
      2013-11-08 18:16:07,351 - called get bean
INFO  bytesizebook.guide.hw2.enhanced http-bio-8084-exec-564
      2013-11-08 18:16:07,351 - called get bean
INFO  bytesizebook.guide.hw2.enhanced http-bio-8084-exec-564
      2013-11-08 18:16:07,352 - called get bean
INFO  bytesizebook.guide.hw2.enhanced http-bio-8084-exec-564
      2013-11-08 18:16:07,352 - called get bean
INFO  bytesizebook.guide.hw2.enhanced http-bio-8084-exec-559
      2013-11-08 18:16:08,010 - Called initlogger
INFO  bytesizebook.guide.hw2.enhanced http-bio-8084-exec-559
      2013-11-08 18:16:08,011 - Called helperbasech4 constructor
INFO  bytesizebook.guide.hw2.enhanced http-bio-8084-exec-559
      2013-11-08 18:16:08,011 - Called controller attribute constructor
INFO  bytesizebook.guide.hw2.enhanced http-bio-8084-exec-559
      2013-11-08 18:16:08,011 - copyfromsession called
INFO  bytesizebook.guide.hw2.enhanced http-bio-8084-exec-559
      2013-11-08 18:16:08,017 - called get bean
INFO  bytesizebook.guide.hw2.enhanced http-bio-8084-exec-559
      2013-11-08 18:16:08,017 - called get bean
INFO  bytesizebook.guide.hw2.enhanced http-bio-8084-exec-559
      2013-11-08 18:16:08,017 - called get bean
INFO  bytesizebook.guide.hw2.enhanced http-bio-8084-exec-559
      2013-11-08 18:16:08,017 - called get bean
INFO  bytesizebook.guide.hw2.enhanced http-bio-8084-exec-559
      2013-11-08 18:16:08,017 - called get bean
INFO  org.apache.commmons.beanutils http-bio-8084-exec-566
      2013-11-08 18:16:22,381 - Starting org.apache.commmons.beanutils
INFO  org.apache.commmons.beanutils http-bio-8084-exec-566
      2013-11-08 18:16:22,381 - Starting org.apache.commmons.beanutils
INFO  org.apache.commmons.beanutils http-bio-8084-exec-569
      2013-11-08 18:18:07,602 - Starting org.apache.commmons.beanutils
INFO  org.apache.commmons.beanutils http-bio-8084-exec-569
      2013-11-08 18:18:07,602 - Starting org.apache.commmons.beanutils
INFO  org.apache.commmons.beanutils http-bio-8084-exec-578
      2013-11-08 18:20:09,993 - Starting org.apache.commmons.beanutils
INFO  org.apache.commmons.beanutils http-bio-8084-exec-578
      2013-11-08 18:20:09,993 - Starting org.apache.commmons.beanutils
INFO  bytesizebook.guide.hw2.enhanced http-bio-8084-exec-582
      2013-11-08 18:20:11,402 - Called initlogger
INFO  bytesizebook.guide.hw2.enhanced http-bio-8084-exec-582
      2013-11-08 18:20:11,403 - Called helperbasech4 constructor
INFO  bytesizebook.guide.hw2.enhanced http-bio-8084-exec-582
      2013-11-08 18:20:11,404 - Called controller attribute constructor
INFO  org.apache.commmons.beanutils http-bio-8084-exec-580
      2013-11-08 18:20:21,546 - Starting org.apache.commmons.beanutils
INFO  org.apache.commmons.beanutils http-bio-8084-exec-580
      2013-11-08 18:20:21,546 - Starting org.apache.commmons.beanutils
INFO  bytesizebook.guide.hw2.enhanced http-bio-8084-exec-582
      2013-11-08 18:20:23,182 - Called initlogger
INFO  bytesizebook.guide.hw2.enhanced http-bio-8084-exec-582
      2013-11-08 18:20:23,182 - Called helperbasech4 constructor
INFO  bytesizebook.guide.hw2.enhanced http-bio-8084-exec-582
      2013-11-08 18:20:23,183 - Called controller attribute constructor
INFO  bytesizebook.guide.hw2.enhanced http-bio-8084-exec-582
      2013-11-08 18:20:23,255 - called get bean
INFO  bytesizebook.guide.hw2.enhanced http-bio-8084-exec-582
      2013-11-08 18:20:23,257 - called get bean
INFO  bytesizebook.guide.hw2.enhanced http-bio-8084-exec-582
      2013-11-08 18:20:23,257 - called get bean
INFO  bytesizebook.guide.hw2.enhanced http-bio-8084-exec-582
      2013-11-08 18:20:23,257 - called get bean
INFO  bytesizebook.guide.hw2.enhanced http-bio-8084-exec-582
      2013-11-08 18:20:23,257 - called get bean
INFO  bytesizebook.guide.hw2.enhanced http-bio-8084-exec-581
      2013-11-08 18:20:26,581 - Called initlogger
INFO  bytesizebook.guide.hw2.enhanced http-bio-8084-exec-581
      2013-11-08 18:20:26,582 - Called helperbasech4 constructor
INFO  bytesizebook.guide.hw2.enhanced http-bio-8084-exec-581
      2013-11-08 18:20:26,582 - Called controller attribute constructor
INFO  bytesizebook.guide.hw2.enhanced http-bio-8084-exec-581
      2013-11-08 18:20:26,582 - copyfromsession called
INFO  bytesizebook.guide.hw2.enhanced http-bio-8084-exec-581
      2013-11-08 18:20:26,701 - called get bean
INFO  bytesizebook.guide.hw2.enhanced http-bio-8084-exec-581
      2013-11-08 18:20:26,701 - called get bean
INFO  bytesizebook.guide.hw2.enhanced http-bio-8084-exec-581
      2013-11-08 18:20:26,701 - called get bean
INFO  bytesizebook.guide.hw2.enhanced http-bio-8084-exec-581
      2013-11-08 18:20:26,701 - called get bean
INFO  bytesizebook.guide.hw2.enhanced http-bio-8084-exec-581
      2013-11-08 18:20:26,701 - called get bean
INFO  bytesizebook.guide.hw2.enhanced http-bio-8084-exec-583
      2013-11-08 18:20:28,112 - Called initlogger
INFO  bytesizebook.guide.hw2.enhanced http-bio-8084-exec-583
      2013-11-08 18:20:28,112 - Called helperbasech4 constructor
INFO  bytesizebook.guide.hw2.enhanced http-bio-8084-exec-583
      2013-11-08 18:20:28,112 - Called controller attribute constructor
INFO  bytesizebook.guide.hw2.enhanced http-bio-8084-exec-583
      2013-11-08 18:20:28,112 - copyfromsession called
INFO  bytesizebook.guide.hw2.enhanced http-bio-8084-exec-583
      2013-11-08 18:20:28,119 - called get bean
INFO  bytesizebook.guide.hw2.enhanced http-bio-8084-exec-583
      2013-11-08 18:20:28,119 - called get bean
INFO  bytesizebook.guide.hw2.enhanced http-bio-8084-exec-583
      2013-11-08 18:20:28,119 - called get bean
INFO  bytesizebook.guide.hw2.enhanced http-bio-8084-exec-583
      2013-11-08 18:20:28,119 - called get bean
INFO  bytesizebook.guide.hw2.enhanced http-bio-8084-exec-583
      2013-11-08 18:20:28,119 - called get bean
INFO  bytesizebook.guide.hw2.enhanced http-bio-8084-exec-583
      2013-11-08 18:20:44,730 - Called initlogger
INFO  bytesizebook.guide.hw2.enhanced http-bio-8084-exec-583
      2013-11-08 18:20:44,731 - Called helperbasech4 constructor
INFO  bytesizebook.guide.hw2.enhanced http-bio-8084-exec-583
      2013-11-08 18:20:44,731 - Called controller attribute constructor
INFO  bytesizebook.guide.hw2.enhanced http-bio-8084-exec-583
      2013-11-08 18:20:44,731 - copyfromsession called
INFO  bytesizebook.guide.hw2.enhanced http-bio-8084-exec-583
      2013-11-08 18:20:44,739 - called get bean
INFO  bytesizebook.guide.hw2.enhanced http-bio-8084-exec-583
      2013-11-08 18:20:44,739 - called get bean
INFO  bytesizebook.guide.hw2.enhanced http-bio-8084-exec-583
      2013-11-08 18:20:44,739 - called get bean
INFO  bytesizebook.guide.hw2.enhanced http-bio-8084-exec-583
      2013-11-08 18:20:44,740 - called get bean
INFO  bytesizebook.guide.hw2.enhanced http-bio-8084-exec-583
      2013-11-08 18:20:44,740 - called get bean
INFO  bytesizebook.guide.hw2.enhanced http-bio-8084-exec-583
      2013-11-08 18:20:49,466 - Called initlogger
INFO  bytesizebook.guide.hw2.enhanced http-bio-8084-exec-583
      2013-11-08 18:20:49,466 - Called helperbasech4 constructor
INFO  bytesizebook.guide.hw2.enhanced http-bio-8084-exec-583
      2013-11-08 18:20:49,466 - Called controller attribute constructor
INFO  bytesizebook.guide.hw2.enhanced http-bio-8084-exec-583
      2013-11-08 18:20:49,466 - copyfromsession called
INFO  bytesizebook.guide.hw2.enhanced http-bio-8084-exec-583
      2013-11-08 18:20:49,531 - called get bean
INFO  bytesizebook.guide.hw2.enhanced http-bio-8084-exec-583
      2013-11-08 18:20:49,531 - called get bean
INFO  bytesizebook.guide.hw2.enhanced http-bio-8084-exec-583
      2013-11-08 18:20:49,531 - called get bean
INFO  bytesizebook.guide.hw2.enhanced http-bio-8084-exec-583
      2013-11-08 18:20:49,531 - called get bean
INFO  bytesizebook.guide.hw2.enhanced http-bio-8084-exec-583
      2013-11-08 18:20:49,531 - called get bean
INFO  bytesizebook.guide.hw2.enhanced http-bio-8084-exec-583
      2013-11-08 18:20:50,856 - Called initlogger
INFO  bytesizebook.guide.hw2.enhanced http-bio-8084-exec-583
      2013-11-08 18:20:50,856 - Called helperbasech4 constructor
INFO  bytesizebook.guide.hw2.enhanced http-bio-8084-exec-583
      2013-11-08 18:20:50,856 - Called controller attribute constructor
INFO  bytesizebook.guide.hw2.enhanced http-bio-8084-exec-583
      2013-11-08 18:20:50,857 - copyfromsession called
INFO  bytesizebook.guide.hw2.enhanced http-bio-8084-exec-583
      2013-11-08 18:20:50,867 - called get bean
INFO  bytesizebook.guide.hw2.enhanced http-bio-8084-exec-583
      2013-11-08 18:20:50,867 - called get bean
INFO  bytesizebook.guide.hw2.enhanced http-bio-8084-exec-583
      2013-11-08 18:20:50,867 - called get bean
INFO  bytesizebook.guide.hw2.enhanced http-bio-8084-exec-583
      2013-11-08 18:20:50,867 - called get bean
INFO  bytesizebook.guide.hw2.enhanced http-bio-8084-exec-583
      2013-11-08 18:20:50,867 - called get bean
INFO  bytesizebook.guide.hw2.enhanced http-bio-8084-exec-583
      2013-11-08 18:20:52,239 - Called initlogger
INFO  bytesizebook.guide.hw2.enhanced http-bio-8084-exec-583
      2013-11-08 18:20:52,239 - Called helperbasech4 constructor
INFO  bytesizebook.guide.hw2.enhanced http-bio-8084-exec-583
      2013-11-08 18:20:52,239 - Called controller attribute constructor
INFO  bytesizebook.guide.hw2.enhanced http-bio-8084-exec-583
      2013-11-08 18:20:52,239 - copyfromsession called
INFO  bytesizebook.guide.hw2.enhanced http-bio-8084-exec-583
      2013-11-08 18:20:52,371 - called get bean
INFO  bytesizebook.guide.hw2.enhanced http-bio-8084-exec-583
      2013-11-08 18:20:52,371 - called get bean
INFO  bytesizebook.guide.hw2.enhanced http-bio-8084-exec-583
      2013-11-08 18:20:52,371 - called get bean
INFO  bytesizebook.guide.hw2.enhanced http-bio-8084-exec-583
      2013-11-08 18:20:52,371 - called get bean
INFO  bytesizebook.guide.hw2.enhanced http-bio-8084-exec-583
      2013-11-08 18:20:52,372 - called get bean
INFO  bytesizebook.guide.hw2.enhanced http-bio-8084-exec-583
      2013-11-08 18:20:52,372 - called get bean
INFO  bytesizebook.guide.hw2.enhanced http-bio-8084-exec-583
      2013-11-08 18:20:52,372 - called get bean
INFO  org.apache.commmons.beanutils http-bio-8084-exec-30
      2013-11-22 18:45:46,956 - Starting org.apache.commmons.beanutils
INFO  org.apache.commmons.beanutils http-bio-8084-exec-30
      2013-11-22 18:45:46,956 - Starting org.apache.commmons.beanutils
INFO  org.apache.commmons.beanutils http-bio-8084-exec-15
      2013-12-06 22:00:39,213 - Starting org.apache.commmons.beanutils
INFO  org.apache.commmons.beanutils http-bio-8084-exec-15
      2013-12-06 22:00:39,213 - Starting org.apache.commmons.beanutils
INFO  org.apache.commmons.beanutils http-bio-8084-exec-25
      2013-12-06 22:04:28,066 - Starting org.apache.commmons.beanutils
INFO  org.apache.commmons.beanutils http-bio-8084-exec-25
      2013-12-06 22:04:28,066 - Starting org.apache.commmons.beanutils
INFO  org.apache.commmons.beanutils http-bio-8084-exec-32
      2013-12-06 22:04:43,173 - Starting org.apache.commmons.beanutils
INFO  org.apache.commmons.beanutils http-bio-8084-exec-32
      2013-12-06 22:04:43,173 - Starting org.apache.commmons.beanutils
ERROR bytesizebook.webdev.hibernate http-bio-8084-exec-34
      2013-12-06 22:05:20,038 - SessionFactory creation failed.
org.hibernate.HibernateException: Connection cannot be null when 'hibernate.dialect' not set
	at org.hibernate.service.jdbc.dialect.internal.DialectFactoryImpl.determineDialect(DialectFactoryImpl.java:97)
	at org.hibernate.service.jdbc.dialect.internal.DialectFactoryImpl.buildDialect(DialectFactoryImpl.java:67)
	at org.hibernate.engine.jdbc.internal.JdbcServicesImpl.configure(JdbcServicesImpl.java:174)
	at org.hibernate.service.internal.StandardServiceRegistryImpl.configureService(StandardServiceRegistryImpl.java:75)
	at org.hibernate.service.internal.AbstractServiceRegistryImpl.initializeService(AbstractServiceRegistryImpl.java:159)
	at org.hibernate.service.internal.AbstractServiceRegistryImpl.getService(AbstractServiceRegistryImpl.java:131)
	at org.hibernate.cfg.SettingsFactory.buildSettings(SettingsFactory.java:71)
	at org.hibernate.cfg.Configuration.buildSettingsInternal(Configuration.java:2273)
	at org.hibernate.cfg.Configuration.buildSettings(Configuration.java:2269)
	at org.hibernate.cfg.Configuration.buildSessionFactory(Configuration.java:1738)
	at org.hibernate.cfg.Configuration.buildSessionFactory(Configuration.java:1778)
	at shared.HibernateHelper.buildFactory(HibernateHelper.java:110)
	at shared.HibernateHelper.createFactory(HibernateHelper.java:77)
	at shared.HibernateHelper.initSessionFactory(HibernateHelper.java:27)
	at shared.HibernateHelper.initSessionFactory(HibernateHelper.java:32)
	at hw4.complexPersistent.ControllerHelper.initHibernate(ControllerHelper.java:41)
	at hw4.complexPersistent.Controller.init(Controller.java:19)
	at javax.servlet.GenericServlet.init(GenericServlet.java:160)
	at org.apache.catalina.core.StandardWrapper.initServlet(StandardWrapper.java:1267)
	at org.apache.catalina.core.StandardWrapper.loadServlet(StandardWrapper.java:1186)
	at org.apache.catalina.core.StandardWrapper.allocate(StandardWrapper.java:858)
	at org.apache.catalina.core.StandardWrapperValve.invoke(StandardWrapperValve.java:136)
	at org.apache.catalina.core.StandardContextValve.invoke(StandardContextValve.java:123)
	at org.apache.catalina.authenticator.AuthenticatorBase.invoke(AuthenticatorBase.java:581)
	at org.apache.catalina.core.StandardHostValve.invoke(StandardHostValve.java:171)
	at org.apache.catalina.valves.ErrorReportValve.invoke(ErrorReportValve.java:99)
	at org.apache.catalina.valves.AccessLogValve.invoke(AccessLogValve.java:936)
	at org.apache.catalina.core.StandardEngineValve.invoke(StandardEngineValve.java:118)
	at org.apache.catalina.connector.CoyoteAdapter.service(CoyoteAdapter.java:407)
	at org.apache.coyote.http11.AbstractHttp11Processor.process(AbstractHttp11Processor.java:1004)
	at org.apache.coyote.AbstractProtocol$AbstractConnectionHandler.process(AbstractProtocol.java:589)
	at org.apache.tomcat.util.net.JIoEndpoint$SocketProcessor.run(JIoEndpoint.java:312)
	at java.util.concurrent.ThreadPoolExecutor.runWorker(ThreadPoolExecutor.java:1145)
	at java.util.concurrent.ThreadPoolExecutor$Worker.run(ThreadPoolExecutor.java:615)
	at java.lang.Thread.run(Thread.java:724)
INFO  org.apache.commmons.beanutils http-bio-8084-exec-41
      2013-12-06 22:11:47,842 - Starting org.apache.commmons.beanutils
INFO  org.apache.commmons.beanutils http-bio-8084-exec-41
      2013-12-06 22:11:47,842 - Starting org.apache.commmons.beanutils
ERROR bytesizebook.webdev.hibernate http-bio-8084-exec-36
      2013-12-06 22:11:50,662 - SessionFactory creation failed.
org.hibernate.HibernateException: Connection cannot be null when 'hibernate.dialect' not set
	at org.hibernate.service.jdbc.dialect.internal.DialectFactoryImpl.determineDialect(DialectFactoryImpl.java:97)
	at org.hibernate.service.jdbc.dialect.internal.DialectFactoryImpl.buildDialect(DialectFactoryImpl.java:67)
	at org.hibernate.engine.jdbc.internal.JdbcServicesImpl.configure(JdbcServicesImpl.java:174)
	at org.hibernate.service.internal.StandardServiceRegistryImpl.configureService(StandardServiceRegistryImpl.java:75)
	at org.hibernate.service.internal.AbstractServiceRegistryImpl.initializeService(AbstractServiceRegistryImpl.java:159)
	at org.hibernate.service.internal.AbstractServiceRegistryImpl.getService(AbstractServiceRegistryImpl.java:131)
	at org.hibernate.cfg.SettingsFactory.buildSettings(SettingsFactory.java:71)
	at org.hibernate.cfg.Configuration.buildSettingsInternal(Configuration.java:2273)
	at org.hibernate.cfg.Configuration.buildSettings(Configuration.java:2269)
	at org.hibernate.cfg.Configuration.buildSessionFactory(Configuration.java:1738)
	at org.hibernate.cfg.Configuration.buildSessionFactory(Configuration.java:1778)
	at shared.HibernateHelper.buildFactory(HibernateHelper.java:110)
	at shared.HibernateHelper.createFactory(HibernateHelper.java:77)
	at shared.HibernateHelper.initSessionFactory(HibernateHelper.java:27)
	at shared.HibernateHelper.initSessionFactory(HibernateHelper.java:32)
	at hw4.complexPersistent.ControllerHelper.initHibernate(ControllerHelper.java:40)
	at hw4.complexPersistent.Controller.init(Controller.java:19)
	at javax.servlet.GenericServlet.init(GenericServlet.java:160)
	at org.apache.catalina.core.StandardWrapper.initServlet(StandardWrapper.java:1267)
	at org.apache.catalina.core.StandardWrapper.loadServlet(StandardWrapper.java:1186)
	at org.apache.catalina.core.StandardWrapper.allocate(StandardWrapper.java:858)
	at org.apache.catalina.core.StandardWrapperValve.invoke(StandardWrapperValve.java:136)
	at org.apache.catalina.core.StandardContextValve.invoke(StandardContextValve.java:123)
	at org.apache.catalina.authenticator.AuthenticatorBase.invoke(AuthenticatorBase.java:581)
	at org.apache.catalina.core.StandardHostValve.invoke(StandardHostValve.java:171)
	at org.apache.catalina.valves.ErrorReportValve.invoke(ErrorReportValve.java:99)
	at org.apache.catalina.valves.AccessLogValve.invoke(AccessLogValve.java:936)
	at org.apache.catalina.core.StandardEngineValve.invoke(StandardEngineValve.java:118)
	at org.apache.catalina.connector.CoyoteAdapter.service(CoyoteAdapter.java:407)
	at org.apache.coyote.http11.AbstractHttp11Processor.process(AbstractHttp11Processor.java:1004)
	at org.apache.coyote.AbstractProtocol$AbstractConnectionHandler.process(AbstractProtocol.java:589)
	at org.apache.tomcat.util.net.JIoEndpoint$SocketProcessor.run(JIoEndpoint.java:312)
	at java.util.concurrent.ThreadPoolExecutor.runWorker(ThreadPoolExecutor.java:1145)
	at java.util.concurrent.ThreadPoolExecutor$Worker.run(ThreadPoolExecutor.java:615)
	at java.lang.Thread.run(Thread.java:724)
INFO  org.apache.commmons.beanutils http-bio-8084-exec-47
      2013-12-06 22:13:28,293 - Starting org.apache.commmons.beanutils
INFO  org.apache.commmons.beanutils http-bio-8084-exec-47
      2013-12-06 22:13:28,293 - Starting org.apache.commmons.beanutils
ERROR bytesizebook.guide.ch4.enhanced http-bio-8084-exec-38
      2013-12-06 22:13:30,194 - Controller Helper
INFO  org.apache.commmons.beanutils http-bio-8084-exec-53
      2013-12-06 22:13:53,929 - Starting org.apache.commmons.beanutils
INFO  org.apache.commmons.beanutils http-bio-8084-exec-53
      2013-12-06 22:13:53,929 - Starting org.apache.commmons.beanutils
ERROR bytesizebook.webdev.hibernate http-bio-8084-exec-44
      2013-12-06 22:13:56,529 - SessionFactory creation failed.
org.hibernate.HibernateException: Connection cannot be null when 'hibernate.dialect' not set
	at org.hibernate.service.jdbc.dialect.internal.DialectFactoryImpl.determineDialect(DialectFactoryImpl.java:97)
	at org.hibernate.service.jdbc.dialect.internal.DialectFactoryImpl.buildDialect(DialectFactoryImpl.java:67)
	at org.hibernate.engine.jdbc.internal.JdbcServicesImpl.configure(JdbcServicesImpl.java:174)
	at org.hibernate.service.internal.StandardServiceRegistryImpl.configureService(StandardServiceRegistryImpl.java:75)
	at org.hibernate.service.internal.AbstractServiceRegistryImpl.initializeService(AbstractServiceRegistryImpl.java:159)
	at org.hibernate.service.internal.AbstractServiceRegistryImpl.getService(AbstractServiceRegistryImpl.java:131)
	at org.hibernate.cfg.SettingsFactory.buildSettings(SettingsFactory.java:71)
	at org.hibernate.cfg.Configuration.buildSettingsInternal(Configuration.java:2273)
	at org.hibernate.cfg.Configuration.buildSettings(Configuration.java:2269)
	at org.hibernate.cfg.Configuration.buildSessionFactory(Configuration.java:1738)
	at org.hibernate.cfg.Configuration.buildSessionFactory(Configuration.java:1778)
	at shared.HibernateHelper.buildFactory(HibernateHelper.java:110)
	at shared.HibernateHelper.createFactory(HibernateHelper.java:77)
	at shared.HibernateHelper.initSessionFactory(HibernateHelper.java:27)
	at shared.HibernateHelper.initSessionFactory(HibernateHelper.java:32)
	at hw4.complexPersistent.ControllerHelper.initHibernate(ControllerHelper.java:64)
	at hw4.complexPersistent.Controller.init(Controller.java:19)
	at javax.servlet.GenericServlet.init(GenericServlet.java:160)
	at org.apache.catalina.core.StandardWrapper.initServlet(StandardWrapper.java:1267)
	at org.apache.catalina.core.StandardWrapper.loadServlet(StandardWrapper.java:1186)
	at org.apache.catalina.core.StandardWrapper.allocate(StandardWrapper.java:858)
	at org.apache.catalina.core.StandardWrapperValve.invoke(StandardWrapperValve.java:136)
	at org.apache.catalina.core.StandardContextValve.invoke(StandardContextValve.java:123)
	at org.apache.catalina.authenticator.AuthenticatorBase.invoke(AuthenticatorBase.java:581)
	at org.apache.catalina.core.StandardHostValve.invoke(StandardHostValve.java:171)
	at org.apache.catalina.valves.ErrorReportValve.invoke(ErrorReportValve.java:99)
	at org.apache.catalina.valves.AccessLogValve.invoke(AccessLogValve.java:936)
	at org.apache.catalina.core.StandardEngineValve.invoke(StandardEngineValve.java:118)
	at org.apache.catalina.connector.CoyoteAdapter.service(CoyoteAdapter.java:407)
	at org.apache.coyote.http11.AbstractHttp11Processor.process(AbstractHttp11Processor.java:1004)
	at org.apache.coyote.AbstractProtocol$AbstractConnectionHandler.process(AbstractProtocol.java:589)
	at org.apache.tomcat.util.net.JIoEndpoint$SocketProcessor.run(JIoEndpoint.java:312)
	at java.util.concurrent.ThreadPoolExecutor.runWorker(ThreadPoolExecutor.java:1145)
	at java.util.concurrent.ThreadPoolExecutor$Worker.run(ThreadPoolExecutor.java:615)
	at java.lang.Thread.run(Thread.java:724)
